ram console header, hw_status: 2, fiq step 40.
bin log 0.
312964 c04e39ec dcfd1800 00000001 dceee534 dd0bdf14 dd0bded4 dd0bdea8
[ 3136.895268] (0)[63:mmcqd/1]dea0: c0312b38 c031289c c031eaec 2a05f1ff 00000001 08ae7e3c 00000000 dceee40c
[ 3136.895282] (0)[63:mmcqd/1]dec0: dceee000 dc664360 dd0bdf44 dd0bded8 c031f4b0 c0312998 c005a080 c0699fc0
[ 3136.895296] (0)[63:mmcqd/1]dee0: 00000000 dcfd1950 dd0bdf44 dd0bdef8 08ae7e3c 00000000 dd0bc038 00000000
[ 3136.895310] (0)[63:mmcqd/1]df00: 00000000 000002d9 0000000c dceee400 00100100 00200200 dd0bdf44 dc664360
[ 3136.895324] (0)[63:mmcqd/1]df20: dceee000 dceee400 dceee40c 00000001 dceee400 dc664288 dd0bdf84 dd0bdf48
[ 3136.895338] (0)[63:mmcqd/1]df40: c031fd00 c031f348 dd0bdf6c dd0bdf58 c0217778 c021c308 dc664360 dceee40c
[ 3136.895352] (0)[63:mmcqd/1]df60: dc664360 dceeb000 dd0bc000 00000001 dceee414 dc664288 dd0bdfb4 dd0bdf88
[ 3136.895365] (0)[63:mmcqd/1]df80: c03200b0 c031fb40 00000000 dd731c7c dceee40c c032004c 00000013 00000000
[ 3136.895380] (0)[63:mmcqd/1]dfa0: 00000000 00000000 dd0bdff4 dd0bdfb8 c0059c80 c0320058 00000000 00000000
[ 3136.895393] (0)[63:mmcqd/1]dfc0: dceee40c 00000000 00000000 00000000 dd0bdfd0 dd0bdfd0 00000000 dd731c7c
[ 3136.895407] (0)[63:mmcqd/1]dfe0: c0059be8 c0041b50 00000000 dd0bdff8 c0041b50 c0059bf4 00000000 00000000
[ 3136.895416] (0)[63:mmcqd/1]Backtrace: 
[ 3136.895434] (0)[63:mmcqd/1][<c001b72c>] (mt_read_sched_clock+0x0/0x34) from [<c0010d54>] (sched_clock+0x1c/0x98)
[ 3136.895454] (0)[63:mmcqd/1][<c0010d38>] (sched_clock+0x0/0x98) from [<c0068cc0>] (cpu_clock+0x24/0x34)
[ 3136.895465] (0)[63:mmcqd/1] r5:c0e61740 r4:c0e61740
[ 3136.895483] (0)[63:mmcqd/1][<c0068c9c>] (cpu_clock+0x0/0x34) from [<c0068d34>] (sched_clock_cpu+0x10/0x14)
[ 3136.895503] (0)[63:mmcqd/1][<c0068d24>] (sched_clock_cpu+0x0/0x14) from [<c0062e6c>] (update_rq_clock.part.5+0x18/0x40)
[ 3136.895523] (0)[63:mmcqd/1][<c0062e54>] (update_rq_clock.part.5+0x0/0x40) from [<c0062f14>] (enqueue_task+0x80/0x8c)
[ 3136.895534] (0)[63:mmcqd/1] r7:c08eb4a8 r6:c0e61740 r5:c0e61740 r4:c0e61740
[ 3136.895562] (0)[63:mmcqd/1][<c0062e94>] (enqueue_task+0x0/0x8c) from [<c00641e8>] (activate_task+0x30/0x34)
[ 3136.895572] (0)[63:mmcqd/1] r7:c08eb4a8 r6:c0e61740 r4:dda19440
[ 3136.895598] (0)[63:mmcqd/1][<c00641b8>] (activate_task+0x0/0x34) from [<c0064590>] (ttwu_do_activate.constprop.17+0x30/0x64)
[ 3136.895620] (0)[63:mmcqd/1][<c0064560>] (ttwu_do_activate.constprop.17+0x0/0x64) from [<c0066d78>] (try_to_wake_up+0x26c/0x2dc)
[ 3136.895631] (0)[63:mmcqd/1] r5:00000001 r4:dda19440
[ 3136.895653] (0)[63:mmcqd/1][<c0066b0c>] (try_to_wake_up+0x0/0x2dc) from [<c0066e20>] (default_wake_function+0x14/0x18)
[ 3136.895675] (0)[63:mmcqd/1][<c0066e0c>] (default_wake_function+0x0/0x18) from [<c005a474>] (autoremove_wake_function+0x14/0x3c)
[ 3136.895694] (0)[63:mmcqd/1][<c005a460>] (autoremove_wake_function+0x0/0x3c) from [<c0061c18>] (__wake_up_common+0x54/0x94)
[ 3136.895706] (0)[63:mmcqd/1] r5:c005a460 r4:dcffc19c
[ 3136.895726] (0)[63:mmcqd/1][<c0061bc4>] (__wake_up_common+0x0/0x94) from [<c0061c98>] (__wake_up+0x40/0x54)
[ 3136.895746] (0)[63:mmcqd/1][<c0061c58>] (__wake_up+0x0/0x54) from [<c05162b8>] (mt_i2c_irq+0x6c/0x74)
[ 3136.895757] (0)[63:mmcqd/1] r8:0000003d r7:00000000 r6:00000000 r5:c08e0018 r4:00000001
[ 3136.895791] (0)[63:mmcqd/1][<c051624c>] (mt_i2c_irq+0x0/0x74) from [<c00b469c>] (handle_irq_event_percpu+0x54/0x150)
[ 3136.895802] (0)[63:mmcqd/1] r5:c08e0018 r4:dcffb540
[ 3136.895825] (0)[63:mmcqd/1][<c00b4648>] (handle_irq_event_percpu+0x0/0x150) from [<c00b47dc>] (handle_irq_event+0x44/0x64)
[ 3136.895845] (0)[63:mmcqd/1][<c00b4798>] (handle_irq_event+0x0/0x64) from [<c00b6ecc>] (handle_level_irq+0xbc/0x110)
[ 3136.895855] (0)[63:mmcqd/1] r7:00000000 r6:dd0bc028 r5:c08e0018 r4:c08dffc0
[ 3136.895884] (0)[63:mmcqd/1][<c00b6e10>] (handle_level_irq+0x0/0x110) from [<c00b3e8c>] (generic_handle_irq+0x30/0x40)
[ 3136.895895] (0)[63:mmcqd/1] r5:c08eb4a8 r4:c08d7e4c
[ 3136.895917] (0)[63:mmcqd/1][<c00b3e5c>] (generic_handle_irq+0x0/0x40) from [<c000ee84>] (handle_IRQ+0x64/0xc4)
[ 3136.895935] (0)[63:mmcqd/1][<c000ee20>] (handle_IRQ+0x0/0xc4) from [<c0008190>] (asm_do_IRQ+0x10/0x14)
[ 3136.895945] (0)[63:mmcqd/1] r9:00000027 r8:00000067 r7:dd0bdc94 r6:f0212000 r5:20070013
[ 3136.895966] (0)[63:mmcqd/1]r4:c04db128
[ 3136.895983] (0)[63:mmcqd/1][<c0008180>] (asm_do_IRQ+0x0/0x14) from [<c000e074>] (__irq_svc+0x34/0xcc)
[ 3136.895994] (0)[63:mmcqd/1]Exception stack(0xdd0bdc60 to 0xdd0bdca8)
[ 3136.896006] (0)[63:mmcqd/1]dc60: 00000000 ffde8274 dda5c270 00000068 ffde827f 00000000 00000000 c0a2e71c
[ 3136.896020] (0)[63:mmcqd/1]dc80: 00000067 00000027 00000001 dd0bdd1c 00000080 dd0bdca8 ffde8270 c04db128
[ 3136.896031] (0)[63:mmcqd/1]dca0: 20070013 ffffffff
[ 3136.896051] (0)[63:mmcqd/1][<c04dafd4>] (msdc_dma_setup+0x0/0x494) from [<c04e5238>] (msdc_ops_request+0x1858/0x20cc)
[ 3136.896071] (0)[63:mmcqd/1][<c04e39e0>] (msdc_ops_request+0x0/0x20cc) from [<c0312964>] (__mmc_start_req+0xd4/0xfc)
[ 3136.896089] (0)[63:mmcqd/1][<c0312890>] (__mmc_start_req+0x0/0xfc) from [<c0312b38>] (mmc_start_req+0x1ac/0x1cc)
[ 3136.896099] (0)[63:mmcqd/1] r7:dd0bdf14 r6:dceee534 r5:00000001 r4:dcfd1800
[ 3136.896127] (0)[63:mmcqd/1][<c031298c>] (mmc_start_req+0x0/0x1cc) from [<c031f4b0>] (mmc_blk_issue_rw_rq+0x174/0x7f8)
[ 3136.896145] (0)[63:mmcqd/1][<c031f33c>] (mmc_blk_issue_rw_rq+0x0/0x7f8) from [<c031fd00>] (mmc_blk_issue_rq+0x1cc/0x518)
[ 3136.896163] (0)[63:mmcqd/1][<c031fb34>] (mmc_blk_issue_rq+0x0/0x518) from [<c03200b0>] (mmc_queue_thread+0x64/0x114)
[ 3136.896182] (0)[63:mmcqd/1][<c032004c>] (mmc_queue_thread+0x0/0x114) from [<c0059c80>] (kthread+0x98/0x9c)
[ 3136.896199] (0)[63:mmcqd/1][<c0059be8>] (kthread+0x0/0x9c) from [<c0041b50>] (do_exit+0x0/0x75c)
[ 3136.896210] (0)[63:mmcqd/1] r6:c0041b50 r5:c0059be8 r4:dd731c7c
[ 3136.896228] (0)[63:mmcqd/1]Code: e34c3095 e5932048 e593304c e3120001 (e5930008) 
[ 3136.896238] (0)[63:mmcqd/1]Kernel Taint Module!!
[ 3136.896248] (0)[63:mmcqd/1]---[ end trace 60a46a2411748543 ]---
[ 3136.896258] (0)[63:mmcqd/1]Kernel panic - not syncing: Fatal exception in interrupt
[ 3136.896267] (0)[63:mmcqd/1]Send IPI to stop CPUs...
[ 3138.000510] (0)[63:mmcqd/1]SMP: failed to stop secondary CPUs
[ 3138.000520] (0)[63:mmcqd/1]
[ 3138.000523] (0)[63:mmcqd/1] No log for WDT 
[ 3138.000687] (0)[63:mmcqd/1]-=-=-=-=-=-=-=-=-=-=-=-=-=-=-=-=-=-=-=-=-=-=-=-=-=-=-=-=-=-=-=-=-=-=-=-=-=-=-=-=-=-=
[ 3138.204050] (0)[63:mmcqd/1]Rebooting in 1 seconds..machine_shutdown: start, Proess(mmcqd/1:63). father kthreadd:2. grandfather swapper/0:0.
[ 3139.200132] (0)[63:mmcqd/1]Send IPI to stop CPUs...
[ 3140.304377] (0)[63:mmcqd/1]SMP: failed to stop secondary CPUs
[ 3140.304384] (0)[63:mmcqd/1]machine_shutdown: done
[ 3140.304391] (0)[63:mmcqd/1]Reboot:machine restart...
[ 3140.305521] (0)[63:mmcqd/1]arch_reset: cmd = NULL
[ 3140.305798] (0)[63:mmcqd/1]wdt_arch_reset called@Kernel mode =
[ 3140.306407] (0)[63:mmcqd/1]wdt_arch_reset called MTK_WDT_MODE =5c 
[ 3140.306839] (0)[63:mmcqd/1]wdt_arch_reset called end  MTK_WDT_MODE =22000014 
