PIN: [MODE] [PULL_SEL] [DIN] [DOUT] [PULL EN] [DIR] [INV] [IES]
  0:1000000-1
  1:1010000-1
  2:1000000-1
  3:1000000-1
  4:1000000-1
  5:1000000-1
  6:1000000-1
  7:1000000-1
  8:1010000-1
  9:1000000-1
 10:1010000-1
 11:1000000-1
 12:1010000-1
 13:1010000-1
 14:0000010-1
 15:0000010-1
 16:0000100-1
 17:0000100-1
 18:0000100-1
 19:0000000-1
 20:0000100-1
 21:0010000-1
 22:2000010-1
 23:0000100-1
 24:0000100-1
 25:2110100-1
 26:2100100-1
 27:2100100-1
 28:0000100-1
 29:2110100-1
 30:0000010-1
 31:2110100-1
 32:0000100-1
 33:0000100-1
 34:0000100-1
 35:0000100-1
 36:0000100-1
 37:0000100-1
 38:0000100-1
 39:0000100-1
 40:0000100-1
 41:0000100-1
 42:0000100-1
 43:0000100-1
 44:1000010-1
 45:1110110-1
 46:1110110-1
 47:1110110-1
 48:1110110-1
 49:1110110-1
 50:1110110-1
 51:1110110-1
 52:1110110-1
 53:1110110-1
 54:1110110-1
 55:2000010-1
 56:0000010-1
 57:0000000-1
 58:0000100-1
 59:2010010-1
 60:0000100-1
 61:0000110-1
 62:0000110-1
 63:1000110-1
 64:1000110-1
 65:1000110-1
 66:1000110-1
 67:2000-110-1
 68:2000-110-1
 69:2000-110-1
 70:2000-110-1
 71:2000-110-1
 72:2000-110-1
 73:1-100-100-1
 74:1-100-100-1
 75:1-100-100-1
 76:1-100-100-1
 77:1-100-100-1
 78:1-100-100-1
 79:1-100-110-1
 80:1-100-110-1
 81:1-100-110-1
 82:1-100-110-1
 83:1-100-110-1
 84:1-100-110-1
 85:0-100-100-1
 86:0-100-100-1
 87:0000010-1
 88:0000010-1
 89:0011010-1
 90:0011010-1
 91:1000110-1
 92:1110100-1
 93:1110100-1
 94:1110100-1
 95:1110100-1
 96:1110100-1
 97:0000100-1
 98:0000100-1
 99:0000100-1
100:4010000-1
101:2000000-1
102:0000100-1
103:1110100-1
104:1011010-1
105:1000010-1
106:1000010-1
107:0110100-1
108:1110100-1
109:1110100-1
110:0000100-1
111:1000010-1
112:0000100-1
113:1010010-1
114:1010010-1
115:1000010-1
116:1000010-1
117:1000010-1
118:1000010-1
119:1000010-1
120:1000010-1
121:1000010-1
122:1010010-1
123:1000010-1
124:1010010-1
125:1000100-1
126:1000010-1
127:1000010-1
128:0000010-1
129:0000110-1
130:1000010-1
131:1000010-1
132:1000010-1
133:1000010-1
134:0000010-1
135:0000100-1
136:0000100-1
137:1000010-1
138:0000100-1
139:1000010-1
140:0011010-1
141:0000100-1
142:0000100-1
143:0000100-1
144:0000100-1
145:0000100-1
146:1000010-1
147:1000010-1
148:1000010-1
149:1000010-1
150:1000010-1
151:1000010-1
152:1000010-1
153:1000010-1
